build/app/outputs/mapping/release/mapping.txt
# compiler: R8
# compiler_version: 1.5.64
# min_api: 16
# pg_map_id: ad5833c
...
androidx.arch.core.executor.ArchTaskExecutor -> a.a.a.a.a:
    androidx.arch.core.executor.ArchTaskExecutor sInstance -> c
    androidx.arch.core.executor.TaskExecutor mDefaultTaskExecutor -> b
    androidx.arch.core.executor.TaskExecutor mDelegate -> a
    void executeOnDiskIO(java.lang.Runnable) -> a
    boolean isMainThread() -> a
    androidx.arch.core.executor.ArchTaskExecutor getInstance() -> b
    void postToMainThread(java.lang.Runnable) -> b
androidx.arch.core.executor.ArchTaskExecutor$1 -> a.a.a.a.a$a:
androidx.arch.core.executor.ArchTaskExecutor$2 -> a.a.a.a.a$b:
androidx.arch.core.executor.DefaultTaskExecutor -> a.a.a.a.b:
    android.os.Handler mMainHandler -> c
    java.lang.Object mLock -> a
    java.util.concurrent.ExecutorService mDiskIO -> b
    void executeOnDiskIO(java.lang.Runnable) -> a
    boolean isMainThread() -> a
    void postToMainThread(java.lang.Runnable) -> b
androidx.arch.core.executor.DefaultTaskExecutor$1 -> a.a.a.a.b$a:
    java.util.concurrent.atomic.AtomicInteger mThreadId -> a
androidx.arch.core.executor.TaskExecutor -> a.a.a.a.c:
    void executeOnDiskIO(java.lang.Runnable) -> a
    boolean isMainThread() -> a
    void postToMainThread(java.lang.Runnable) -> b
androidx.arch.core.internal.FastSafeIterableMap -> a.a.a.b.a:
    java.util.HashMap mHashMap -> e
    androidx.arch.core.internal.SafeIterableMap$Entry get(java.lang.Object) -> a
    java.util.Map$Entry ceil(java.lang.Object) -> b
    java.lang.Object putIfAbsent(java.lang.Object,java.lang.Object) -> b
androidx.arch.core.internal.SafeIterableMap -> a.a.a.b.b:
    androidx.arch.core.internal.SafeIterableMap$Entry mStart -> a
    androidx.arch.core.internal.SafeIterableMap$Entry mEnd -> b
    int mSize -> d
    java.util.WeakHashMap mIterators -> c
    java.util.Iterator descendingIterator() -> a
    androidx.arch.core.internal.SafeIterableMap$Entry get(java.lang.Object) -> a
    androidx.arch.core.internal.SafeIterableMap$Entry put(java.lang.Object,java.lang.Object) -> a
    java.util.Map$Entry eldest() -> b
    java.lang.Object putIfAbsent(java.lang.Object,java.lang.Object) -> b
    androidx.arch.core.internal.SafeIterableMap$IteratorWithAdditions iteratorWithAdditions() -> c
    java.util.Map$Entry newest() -> d
androidx.arch.core.internal.SafeIterableMap$AscendingIterator -> a.a.a.b.b$a:
    androidx.arch.core.internal.SafeIterableMap$Entry backward(androidx.arch.core.internal.SafeIterableMap$Entry) -> b
    androidx.arch.core.internal.SafeIterableMap$Entry forward(androidx.arch.core.internal.SafeIterableMap$Entry) -> c
androidx.arch.core.internal.SafeIterableMap$DescendingIterator -> a.a.a.b.b$b:
    androidx.arch.core.internal.SafeIterableMap$Entry backward(androidx.arch.core.internal.SafeIterableMap$Entry) -> b
    androidx.arch.core.internal.SafeIterableMap$Entry forward(androidx.arch.core.internal.SafeIterableMap$Entry) -> c
androidx.arch.core.internal.SafeIterableMap$Entry -> a.a.a.b.b$c:
    androidx.arch.core.internal.SafeIterableMap$Entry mNext -> c
    androidx.arch.core.internal.SafeIterableMap$Entry mPrevious -> d
    java.lang.Object mValue -> b
    java.lang.Object mKey -> a
androidx.arch.core.internal.SafeIterableMap$IteratorWithAdditions -> a.a.a.b.b$d:
    androidx.arch.core.internal.SafeIterableMap$Entry mCurrent -> a
    androidx.arch.core.internal.SafeIterableMap this$0 -> c
    boolean mBeforeStart -> b
    void supportRemove(androidx.arch.core.internal.SafeIterableMap$Entry) -> a